[2025-12-20 16:17:09] [ERROR]: Response {"request_id":"6946cc058da48","status":401,"Content":{"error":"Invalid password"},"Header":{"Content-Type":"application\/json"}}
[2025-12-20 16:17:23] [ERROR]: Response {"request_id":"6946cc1345257","status":401,"Content":{"error":"Invalid password"},"Header":{"Content-Type":"application\/json"}}
[2025-12-20 16:17:44] [ERROR]: Response {"request_id":"6946cc2809284","status":401,"Content":{"error":"Invalid password"},"Header":{"Content-Type":"application\/json"}}
[2025-12-20 16:17:51] [ERROR]: Response {"request_id":"6946cc2ee89b1","status":401,"Content":{"error":"Invalid password"},"Header":{"Content-Type":"application\/json"}}
[2025-12-20 16:18:03] [ERROR]: Response {"request_id":"6946cc3b5ce2f","status":400,"Content":{"error":"{\"Input\":\"missing\",\"email\":\"invalid\"}"},"Header":{"Content-Type":"application\/json"}}
[2025-12-20 16:18:16] [ERROR]: Response {"request_id":"6946cc483bd05","status":409,"Content":{"error":"Conflicting user info"},"Header":{"Content-Type":"application\/json"}}
[2025-12-20 16:18:35] [ERROR]: Response {"request_id":"6946cc5be7e81","status":400,"Content":{"error":"{\"email\":\"invalid\"}"},"Header":{"Content-Type":"application\/json"}}
[2025-12-21 10:42:46] [ERROR]: Response {"request_id":"6947cf260bf51","status":401,"Content":{"error":"Invalid password"},"Header":{"Content-Type":"application\/json"}}
[2025-12-21 10:43:49] [ERROR]: Response {"request_id":"6947cf6554ea5","status":401,"Content":{"error":"Invalid password"},"Header":{"Content-Type":"application\/json"}}
[2025-12-21 11:06:54] [ERROR]: Response {"request_id":"6947d4ce0f881","status":404,"Content":{"error":"User not found"},"Header":{"Content-Type":"application\/json"}}
[2025-12-21 11:07:44] [ERROR]: Response {"request_id":"6947d5000c1ac","status":404,"Content":{"error":"User not found"},"Header":{"Content-Type":"application\/json"}}
[2025-12-21 11:09:07] [ERROR]: Response {"request_id":"6947d552eb6dc","status":404,"Content":{"error":"User not found"},"Header":{"Content-Type":"application\/json"}}
[2025-12-21 11:20:14] [ERROR]: Response {"request_id":"6947d7ee23c19","status":404,"Content":{"error":"User not found"},"Header":{"Content-Type":"application\/json"}}
[2025-12-21 11:21:44] [ERROR]: Response {"request_id":"6947d848d8819","status":404,"Content":{"error":"User not found"},"Header":{"Content-Type":"application\/json"}}
[2025-12-21 11:22:16] [ERROR]: Response {"request_id":"6947d868b7dd7","status":404,"Content":{"error":"User not found"},"Header":{"Content-Type":"application\/json"}}
[2025-12-21 11:23:54] [ERROR]: Response {"request_id":"6947d8ca899a5","status":401,"Content":{"error":"Invalid password"},"Header":{"Content-Type":"application\/json"}}
[2025-12-21 11:30:25] [ERROR]: Response {"request_id":"6947da5109c03","status":404,"Content":{"error":"User not found"},"Header":{"Content-Type":"application\/json"}}
[2025-12-21 11:32:14] [ERROR]: Response {"request_id":"6947dabe6fe78","status":401,"Content":{"error":"Invalid password"},"Header":{"Content-Type":"application\/json"}}
[2025-12-21 11:32:44] [ERROR]: Response {"request_id":"6947dadc8d36e","status":401,"Content":{"error":"Invalid password"},"Header":{"Content-Type":"application\/json"}}
[2025-12-21 11:36:12] [ERROR]: Response {"request_id":"6947dbac9d944","status":404,"Content":{"error":"User not found"},"Header":{"Content-Type":"application\/json"}}
[2025-12-21 11:40:42] [ERROR]: Response {"request_id":"6947dcba752cb","status":404,"Content":{"error":"User not found"},"Header":{"Content-Type":"application\/json"}}
[2025-12-21 11:42:54] [ERROR]: Response {"request_id":"6947dd3e4106a","status":401,"Content":{"error":"Invalid password"},"Header":{"Content-Type":"application\/json"}}
[2025-12-21 11:54:34] [ERROR]: Response {"request_id":"6947dffa4bd08","status":404,"Content":{"error":"User not found"},"Header":{"Content-Type":"application\/json"}}
[2025-12-21 16:52:14] [ERROR]: Response {"request_id":"694825be6e3c9","status":400,"Content":{"error":"Missing or invalid current user id"},"Header":{"Content-Type":"application\/json"}}
[2025-12-21 16:54:53] [ERROR]: Response {"request_id":"6948265d78f6a","status":400,"Content":{"error":"Missing or invalid current user id"},"Header":{"Content-Type":"application\/json"}}
[2025-12-21 16:55:03] [ERROR]: Response {"request_id":"694826679d7a2","status":400,"Content":{"error":"Missing or invalid current user id"},"Header":{"Content-Type":"application\/json"}}
[2025-12-21 17:00:13] [ERROR]: Response {"request_id":"6948279d6af10","status":404,"Content":{"error":"User not found"},"Header":{"Content-Type":"application\/json"}}
[2025-12-21 17:04:58] [ERROR]: Response {"request_id":"694828b9941bd","status":404,"Content":{"error":"User not found"},"Header":{"Content-Type":"application\/json"}}
[2025-12-21 17:04:58] [ERROR]: Response {"request_id":"694828b9dd1e2","status":404,"Content":{"error":"User not found"},"Header":{"Content-Type":"application\/json"}}
[2025-12-21 17:14:50] [ERROR]: Response {"request_id":"69482b0a787ab","status":404,"Content":{"error":"User not found"},"Header":{"Content-Type":"application\/json"}}
[2025-12-21 17:14:52] [ERROR]: Response {"request_id":"69482b0c0b04a","status":404,"Content":{"error":"User not found"},"Header":{"Content-Type":"application\/json"}}
[2025-12-21 17:14:56] [ERROR]: Response {"request_id":"69482b100c2ec","status":404,"Content":{"error":"User not found"},"Header":{"Content-Type":"application\/json"}}
[2025-12-21 17:30:44] [ERROR]: Response {"request_id":"69482ec3f2367","status":400,"Content":{"error":"Invalid id"},"Header":{"Content-Type":"application\/json"}}
[2025-12-21 17:31:19] [ERROR]: Response {"request_id":"69482ee75938c","status":400,"Content":{"error":"Both old and new passwords required"},"Header":{"Content-Type":"application\/json"}}
[2025-12-21 17:32:17] [ERROR]: Response {"request_id":"69482f214b72d","status":400,"Content":{"error":"Missing or invalid current user id"},"Header":{"Content-Type":"application\/json"}}
[2025-12-21 17:33:59] [ERROR]: Response {"request_id":"69482f87c65cb","status":400,"Content":{"error":"Missing or invalid current user id"},"Header":{"Content-Type":"application\/json"}}
[2025-12-21 17:34:51] [ERROR]: Response {"request_id":"69482fbbb7bca","status":400,"Content":{"error":"Missing or invalid current user id"},"Header":{"Content-Type":"application\/json"}}
[2025-12-21 17:35:20] [ERROR]: Response {"request_id":"69482fd87c762","status":400,"Content":{"error":"Missing or invalid current user id"},"Header":{"Content-Type":"application\/json"}}
[2025-12-21 17:35:52] [ERROR]: Response {"request_id":"69482ff85b0f1","status":400,"Content":{"error":"Missing or invalid current user id"},"Header":{"Content-Type":"application\/json"}}
[2025-12-21 17:36:17] [ERROR]: Response {"request_id":"6948301143325","status":400,"Content":{"error":"Missing or invalid current user id"},"Header":{"Content-Type":"application\/json"}}
[2025-12-21 17:36:29] [ERROR]: Response {"request_id":"6948301cee542","status":400,"Content":{"error":"Missing or invalid current user id"},"Header":{"Content-Type":"application\/json"}}
[2025-12-21 17:36:54] [ERROR]: Response {"request_id":"6948303668d88","status":400,"Content":{"error":"Missing or invalid current user id"},"Header":{"Content-Type":"application\/json"}}
[2025-12-21 17:39:57] [ERROR]: Response {"request_id":"694830ed93212","status":400,"Content":{"error":"Missing or invalid current user id"},"Header":{"Content-Type":"application\/json"}}
[2025-12-21 17:40:45] [ERROR]: Response {"request_id":"6948311d957fc","status":400,"Content":{"error":"Missing or invalid current user id"},"Header":{"Content-Type":"application\/json"}}
[2025-12-21 17:40:56] [ERROR]: Response {"request_id":"69483128c3417","status":400,"Content":{"error":"Missing or invalid current user id"},"Header":{"Content-Type":"application\/json"}}
[2025-12-22 16:36:29] [ERROR]: Response {"request_id":"6949738dcf692","status":404,"Content":{"error":"User not found"},"Header":{"Content-Type":"application\/json"}}
[2025-12-22 16:36:30] [ERROR]: Response {"request_id":"6949738ee6344","status":404,"Content":{"error":"User not found"},"Header":{"Content-Type":"application\/json"}}
[2025-12-22 16:36:34] [ERROR]: Response {"request_id":"6949739230c20","status":404,"Content":{"error":"User not found"},"Header":{"Content-Type":"application\/json"}}
[2025-12-22 16:36:54] [ERROR]: Response {"request_id":"694973a636407","status":404,"Content":{"error":"User not found"},"Header":{"Content-Type":"application\/json"}}
[2025-12-22 16:42:30] [ERROR]: Response {"request_id":"694974f6bf0bd","status":404,"Content":{"error":"User not found"},"Header":{"Content-Type":"application\/json"}}
[2025-12-22 16:43:04] [ERROR]: Response {"request_id":"694975181e867","status":404,"Content":{"error":"User not found"},"Header":{"Content-Type":"application\/json"}}
[2025-12-22 16:49:49] [ERROR]: Response {"request_id":"694976adc3ef7","status":404,"Content":{"error":"User not found"},"Header":{"Content-Type":"application\/json"}}
[2025-12-22 16:50:09] [ERROR]: Response {"request_id":"694976c15d01c","status":404,"Content":{"error":"User not found"},"Header":{"Content-Type":"application\/json"}}
[2025-12-22 16:50:26] [ERROR]: Response {"request_id":"694976d2bf5b5","status":404,"Content":{"error":"User not found"},"Header":{"Content-Type":"application\/json"}}
[2025-12-23 10:38:43] [ERROR]: Response {"request_id":"694a71333c2f3","status":404,"Content":{"error":"User not found"},"Header":{"Content-Type":"application\/json"}}
[2025-12-23 10:46:22] [ERROR]: Response {"request_id":"694a72feab09c","status":404,"Content":{"error":"User not found"},"Header":{"Content-Type":"application\/json"}}
[2025-12-23 10:51:21] [ERROR]: Response {"request_id":"694a74290f251","status":404,"Content":{"error":"User not found"},"Header":{"Content-Type":"application\/json"}}
[2025-12-23 10:55:05] [ERROR]: Response {"request_id":"694a7509a11a9","status":404,"Content":{"error":"User not found"},"Header":{"Content-Type":"application\/json"}}
[2025-12-23 11:36:33] [ERROR]: Response {"request_id":"694a7ec0e84ff","status":400,"Content":{"error":"{\"Input\":\"missing\",\"userName\":\"invalid\",\"email\":\"invalid\",\"password\":\"invalid\"}"},"Header":{"Content-Type":"application\/json"}}
[2025-12-23 11:38:04] [ERROR]: Response {"request_id":"694a7f1cc838d","status":409,"Content":{"error":"Conflicting user info"},"Header":{"Content-Type":"application\/json"}}
[2025-12-23 11:40:58] [ERROR]: Response {"request_id":"694a7fcac047a","status":400,"Content":{"error":"Missing or invalid current user id"},"Header":{"Content-Type":"application\/json"}}
[2025-12-23 11:45:49] [ERROR]: Response {"request_id":"694a80edd8e4b","status":400,"Content":{"error":"Missing or invalid current user id"},"Header":{"Content-Type":"application\/json"}}
[2025-12-23 11:52:24] [ERROR]: Response {"request_id":"694a8278772f8","status":404,"Content":{"error":"User not found"},"Header":{"Content-Type":"application\/json"}}
[2025-12-23 11:52:32] [ERROR]: Response {"request_id":"694a8280c67cf","status":404,"Content":{"error":"User not found"},"Header":{"Content-Type":"application\/json"}}
[2025-12-23 11:52:47] [ERROR]: Response {"request_id":"694a828f16abe","status":400,"Content":{"error":"Missing or invalid current user id"},"Header":{"Content-Type":"application\/json"}}
[2025-12-23 12:03:26] [ERROR]: Response {"request_id":"694a850df280e","status":400,"Content":{"error":"Missing or invalid current user id"},"Header":{"Content-Type":"application\/json"}}
[2025-12-23 12:08:53] [ERROR]: Response {"request_id":"694a865534975","status":400,"Content":{"error":"Missing or invalid current user id"},"Header":{"Content-Type":"application\/json"}}
[2025-12-23 15:23:46] [ERROR]: Response {"request_id":"694ab40278bc4","status":400,"Content":{"error":"Missing or invalid current user id"},"Header":{"Content-Type":"application\/json"}}
[2025-12-23 15:29:00] [ERROR]: Response {"request_id":"694ab53c5d21f","status":400,"Content":{"error":"Missing or invalid current user id"},"Header":{"Content-Type":"application\/json"}}
[2025-12-23 15:41:39] [ERROR]: Response {"request_id":"694ab833c065a","status":404,"Content":{"error":"User not found"},"Header":{"Content-Type":"application\/json"}}
[2025-12-23 15:44:12] [ERROR]: Response {"request_id":"694ab8ccc169c","status":404,"Content":{"error":"Friendship not found"},"Header":{"Content-Type":"application\/json"}}
[2025-12-23 15:44:22] [ERROR]: Response {"request_id":"694ab8d6612c4","status":400,"Content":{"error":"Invalid status"},"Header":{"Content-Type":"application\/json"}}
[2025-12-23 15:44:34] [ERROR]: Response {"request_id":"694ab8e2123d4","status":404,"Content":{"error":"Friendship not found"},"Header":{"Content-Type":"application\/json"}}
[2025-12-23 15:52:57] [ERROR]: Response {"request_id":"694abad90cb9c","status":409,"Content":{"error":"Friend request already exists or invalid"},"Header":{"Content-Type":"application\/json"}}
[2025-12-23 15:53:25] [ERROR]: Response {"request_id":"694abaf5439d7","status":409,"Content":{"error":"Friend request already exists or invalid"},"Header":{"Content-Type":"application\/json"}}
[2025-12-23 15:55:10] [ERROR]: Response {"request_id":"694abb5eda5d3","status":409,"Content":{"error":"Friend request already exists or invalid"},"Header":{"Content-Type":"application\/json"}}
[2025-12-23 15:55:38] [ERROR]: Response {"request_id":"694abb7a22f2d","status":409,"Content":{"error":"Friend request already exists or invalid"},"Header":{"Content-Type":"application\/json"}}
[2025-12-23 15:57:17] [ERROR]: Response {"request_id":"694abbdd8fe77","status":409,"Content":{"error":"Friend request already exists or invalid"},"Header":{"Content-Type":"application\/json"}}
[2025-12-24 10:54:51] [ERROR]: Response {"request_id":"694bc67b1f32e","status":409,"Content":{"error":"Friend request already exists or invalid"},"Header":{"Content-Type":"application\/json"}}
[2025-12-24 10:56:17] [ERROR]: Response {"request_id":"694bc6d15aa24","status":400,"Content":{"error":"{\"email\":\"invalid\"}"},"Header":{"Content-Type":"application\/json"}}
[2025-12-24 11:00:16] [ERROR]: Response {"request_id":"694bc7c05a3ee","status":400,"Content":{"error":"{\"Input\":\"missing\",\"userName\":\"invalid\",\"email\":\"invalid\",\"password\":\"invalid\"}"},"Header":{"Content-Type":"application\/json"}}
[2025-12-24 11:00:45] [ERROR]: Response {"request_id":"694bc7dd48894","status":409,"Content":{"error":"Friend request already exists or invalid"},"Header":{"Content-Type":"application\/json"}}
[2025-12-24 11:01:07] [ERROR]: Response {"request_id":"694bc7f398e69","status":404,"Content":{"error":"User not found"},"Header":{"Content-Type":"application\/json"}}
[2025-12-26 09:51:15] [ERROR]: Response {"request_id":"694e5a9399883","status":400,"Content":{"error":"Missing or invalid current user id"},"Header":{"Content-Type":"application\/json"}}
[2025-12-26 09:53:11] [ERROR]: Response {"request_id":"694e5b0787b07","status":400,"Content":{"error":"Missing or invalid current user id"},"Header":{"Content-Type":"application\/json"}}
[2025-12-26 10:05:20] [ERROR]: Response {"request_id":"694e5ddfe953d","status":400,"Content":{"error":"Missing or invalid current user id"},"Header":{"Content-Type":"application\/json"}}
[2025-12-26 10:05:42] [ERROR]: Response {"request_id":"694e5df6c5028","status":400,"Content":{"error":"Missing or invalid current user id"},"Header":{"Content-Type":"application\/json"}}
[2025-12-26 10:06:16] [ERROR]: Response {"request_id":"694e5e18c278b","status":400,"Content":{"error":"Missing or invalid current user id"},"Header":{"Content-Type":"application\/json"}}
[2025-12-26 10:09:08] [ERROR]: Response {"request_id":"694e5ec44aca5","status":400,"Content":{"error":"Missing or invalid current user id"},"Header":{"Content-Type":"application\/json"}}
[2025-12-26 10:11:52] [ERROR]: Response {"request_id":"694e5f685851a","status":400,"Content":{"error":"Missing or invalid current user id"},"Header":{"Content-Type":"application\/json"}}
[2025-12-26 10:15:16] [ERROR]: Response {"request_id":"694e60340a27b","status":400,"Content":{"error":"Missing or invalid current user id"},"Header":{"Content-Type":"application\/json"}}
[2025-12-26 10:15:21] [ERROR]: Response {"request_id":"694e60398755d","status":400,"Content":{"error":"Missing or invalid current user id"},"Header":{"Content-Type":"application\/json"}}
[2025-12-26 10:21:20] [ERROR]: Response {"request_id":"694e61a02684b","status":401,"Content":{"error":"Not a participant of this friendship"},"Header":{"Content-Type":"application\/json"}}
[2025-12-26 10:38:25] [ERROR]: Response {"request_id":"694e65a139b78","status":409,"Content":{"error":"Friend request already exists or invalid"},"Header":{"Content-Type":"application\/json"}}
[2025-12-26 10:42:10] [ERROR]: Response {"request_id":"694e6682cf2ae","status":409,"Content":{"error":"Friend request already exists or invalid"},"Header":{"Content-Type":"application\/json"}}
[2025-12-28 10:23:26] [ERROR]: Response {"request_id":"6951051e60f74","status":404,"Content":{"error":"User not found"},"Header":{"Content-Type":"application\/json"}}
[2025-12-28 10:23:40] [ERROR]: Response {"request_id":"6951052ca2542","status":409,"Content":{"error":"Friend request already exists or invalid"},"Header":{"Content-Type":"application\/json"}}
[2025-12-28 10:23:49] [ERROR]: Response {"request_id":"69510535c3cdc","status":409,"Content":{"error":"Friend request already exists or invalid"},"Header":{"Content-Type":"application\/json"}}
[2025-12-28 11:29:34] [ERROR]: Response {"request_id":"6951149e41e1e","status":404,"Content":{"error":"User not found"},"Header":{"Content-Type":"application\/json"}}
[2025-12-28 11:32:59] [ERROR]: Response {"request_id":"6951156b59adc","status":404,"Content":{"error":"User not found"},"Header":{"Content-Type":"application\/json"}}
[2025-12-28 11:33:02] [ERROR]: Response {"request_id":"6951156e5716d","status":404,"Content":{"error":"User not found"},"Header":{"Content-Type":"application\/json"}}
[2025-12-28 11:33:05] [ERROR]: Response {"request_id":"695115718d5a9","status":404,"Content":{"error":"User not found"},"Header":{"Content-Type":"application\/json"}}
[2025-12-28 11:58:46] [ERROR]: Response {"request_id":"69511b7642278","status":400,"Content":{"error":"Invalid username"},"Header":{"Content-Type":"application\/json"}}
[2025-12-28 11:58:50] [ERROR]: Response {"request_id":"69511b7a5c98b","status":400,"Content":{"error":"Invalid username"},"Header":{"Content-Type":"application\/json"}}
[2025-12-28 12:04:03] [ERROR]: Response {"request_id":"69511cb3395e5","status":404,"Content":{"error":"User not found"},"Header":{"Content-Type":"application\/json"}}
